t=2022-03-19T00:08:23+0000 lvl=info msg=Configured api=signer audit log=audit.log
t=2022-03-19T00:08:35+0000 lvl=info msg=Version    api=signer type=request metadata="{\"remote\":\"NA\",\"local\":\"NA\",\"scheme\":\"ipc\",\"User-Agent\":\"\",\"Origin\":\"\"}"
t=2022-03-19T00:08:35+0000 lvl=info msg=Version    api=signer type=response data=6.1.0 error=nil
t=2022-03-19T00:09:22+0000 lvl=info msg=Version    api=signer type=request  metadata="{\"remote\":\"NA\",\"local\":\"NA\",\"scheme\":\"ipc\",\"User-Agent\":\"\",\"Origin\":\"\"}"
t=2022-03-19T00:09:22+0000 lvl=info msg=Version    api=signer type=response data=6.1.0 error=nil
t=2022-03-19T01:21:31+0000 lvl=info msg=Configured api=signer audit log=audit.log
t=2022-03-19T01:21:41+0000 lvl=info msg=Version    api=signer type=request metadata="{\"remote\":\"NA\",\"local\":\"NA\",\"scheme\":\"ipc\",\"User-Agent\":\"\",\"Origin\":\"\"}"
t=2022-03-19T01:21:41+0000 lvl=info msg=Version    api=signer type=response data=6.1.0 error=nil
t=2022-03-19T01:33:00+0000 lvl=info msg=List       api=signer type=request  metadata="{\"remote\":\"NA\",\"local\":\"NA\",\"scheme\":\"ipc\",\"User-Agent\":\"\",\"Origin\":\"\"}"
t=2022-03-19T01:41:10+0000 lvl=info msg=List       api=signer type=response data=[0xf3CaF4D0D49620De41CD25C4397eB869A0BA5e87]
t=2022-03-19T01:41:35+0000 lvl=info msg=Configured api=signer audit log=audit.log
t=2022-03-19T01:41:45+0000 lvl=info msg=Version    api=signer type=request metadata="{\"remote\":\"NA\",\"local\":\"NA\",\"scheme\":\"ipc\",\"User-Agent\":\"\",\"Origin\":\"\"}"
t=2022-03-19T01:41:45+0000 lvl=info msg=Version    api=signer type=response data=6.1.0 error=nil
t=2022-03-19T01:43:03+0000 lvl=info msg=Version    api=signer type=request  metadata="{\"remote\":\"NA\",\"local\":\"NA\",\"scheme\":\"ipc\",\"User-Agent\":\"\",\"Origin\":\"\"}"
t=2022-03-19T01:43:03+0000 lvl=info msg=Version    api=signer type=response data=6.1.0 error=nil
t=2022-03-19T01:43:29+0000 lvl=info msg=Version    api=signer type=request  metadata="{\"remote\":\"NA\",\"local\":\"NA\",\"scheme\":\"ipc\",\"User-Agent\":\"\",\"Origin\":\"\"}"
t=2022-03-19T01:43:29+0000 lvl=info msg=Version    api=signer type=response data=6.1.0 error=nil
t=2022-03-19T01:43:41+0000 lvl=info msg=Version    api=signer type=request  metadata="{\"remote\":\"NA\",\"local\":\"NA\",\"scheme\":\"ipc\",\"User-Agent\":\"\",\"Origin\":\"\"}"
t=2022-03-19T01:43:41+0000 lvl=info msg=Version    api=signer type=response data=6.1.0 error=nil
t=2022-03-19T01:44:00+0000 lvl=info msg=Version    api=signer type=request  metadata="{\"remote\":\"NA\",\"local\":\"NA\",\"scheme\":\"ipc\",\"User-Agent\":\"\",\"Origin\":\"\"}"
t=2022-03-19T01:44:00+0000 lvl=info msg=Version    api=signer type=response data=6.1.0 error=nil
t=2022-03-19T02:55:11+0000 lvl=info msg=Version    api=signer type=request  metadata="{\"remote\":\"NA\",\"local\":\"NA\",\"scheme\":\"ipc\",\"User-Agent\":\"\",\"Origin\":\"\"}"
t=2022-03-19T02:55:11+0000 lvl=info msg=Version    api=signer type=response data=6.1.0 error=nil
t=2022-03-19T02:57:57+0000 lvl=info msg=Version    api=signer type=request  metadata="{\"remote\":\"NA\",\"local\":\"NA\",\"scheme\":\"ipc\",\"User-Agent\":\"\",\"Origin\":\"\"}"
t=2022-03-19T02:57:57+0000 lvl=info msg=Version    api=signer type=response data=6.1.0 error=nil
t=2022-03-19T02:58:05+0000 lvl=info msg=Version    api=signer type=request  metadata="{\"remote\":\"NA\",\"local\":\"NA\",\"scheme\":\"ipc\",\"User-Agent\":\"\",\"Origin\":\"\"}"
t=2022-03-19T02:58:05+0000 lvl=info msg=Version    api=signer type=response data=6.1.0 error=nil
t=2022-03-19T02:58:26+0000 lvl=info msg=Version    api=signer type=request  metadata="{\"remote\":\"NA\",\"local\":\"NA\",\"scheme\":\"ipc\",\"User-Agent\":\"\",\"Origin\":\"\"}"
t=2022-03-19T02:58:26+0000 lvl=info msg=Version    api=signer type=response data=6.1.0 error=nil
t=2022-03-19T02:58:31+0000 lvl=info msg=Version    api=signer type=request  metadata="{\"remote\":\"NA\",\"local\":\"NA\",\"scheme\":\"ipc\",\"User-Agent\":\"\",\"Origin\":\"\"}"
t=2022-03-19T02:58:31+0000 lvl=info msg=Version    api=signer type=response data=6.1.0 error=nil
t=2022-03-19T11:56:39+0000 lvl=info msg=Configured api=signer audit log=audit.log
t=2022-03-19T11:57:18+0000 lvl=info msg=Configured api=signer audit log=audit.log
t=2022-03-19T11:57:18+0000 lvl=info msg=Version    api=signer type=request metadata="{\"remote\":\"NA\",\"local\":\"NA\",\"scheme\":\"ipc\",\"User-Agent\":\"\",\"Origin\":\"\"}"
t=2022-03-19T11:57:18+0000 lvl=info msg=Version    api=signer type=response data=6.1.0 error=nil
